
> vibe-generated-app@1.0.0 dev
> vite


  VITE v5.4.20  ready in 308 ms

  ➜  Local:   http://localhost:3000/
  ➜  Network: http://172.20.20.242:3000/
3:42:39 PM [vite] Pre-transform error: Transform failed with 1 error:
/home/workspace/src/components/Sections.jsx:5:145: ERROR: Expected ";" but found "function"
3:42:41 PM [vite] Internal server error: Transform failed with 1 error:
/home/workspace/src/components/Sections.jsx:5:145: ERROR: Expected ";" but found "function"
  Plugin: vite:esbuild
  File: /home/workspace/src/components/Sections.jsx:5:145
  
  Expected ";" but found "function"
  3  |  
  4  |  export const ProjectsSection = () => {
  5  |    const code = `// projects.js\nexport const projects = [\n  {\n    title: 'AnimeWatchlist Manager',\n    stack: 'React + Supabase',\n    code: `function addAnime(title){ /* supabase insert */ }`,\n    demo: 'https://example.com/animewatchlist'\n  },\n  {\n    title: 'Ayursutra Patient Portal',\n    stack: 'Figma design',\n    code: `// Prototype built in Figma`,\n    demo: 'https://figma.com/@ayursutra'\n  }\n];`;
     |                                                                                                                                                   ^
  6  |    return (
  7  |      <Editor height="420px" defaultLanguage="javascript" theme="vs-dark" value={code} options={{ readOnly: true, minimap: { enabled: false }, fontSize: 14 }} />
  
      at failureErrorWithLog (/home/workspace/node_modules/esbuild/lib/main.js:1472:15)
      at /home/workspace/node_modules/esbuild/lib/main.js:755:50
      at responseCallbacks.<computed> (/home/workspace/node_modules/esbuild/lib/main.js:622:9)
      at handleIncomingPacket (/home/workspace/node_modules/esbuild/lib/main.js:677:12)
      at Socket.readFromStdout (/home/workspace/node_modules/esbuild/lib/main.js:600:7)
      at Socket.emit (node:events:508:28)
      at addChunk (node:internal/streams/readable:559:12)
      at readableAddChunkPushByteMode (node:internal/streams/readable:510:3)
      at Readable.push (node:internal/streams/readable:390:5)
      at Pipe.onStreamRead (node:internal/stream_base_commons:189:23)
3:42:45 PM [vite] Internal server error: Transform failed with 1 error:
/home/workspace/src/components/Sections.jsx:5:145: ERROR: Expected ";" but found "function"
  Plugin: vite:esbuild
  File: /home/workspace/src/components/Sections.jsx:5:145
  
  Expected ";" but found "function"
  3  |  
  4  |  export const ProjectsSection = () => {
  5  |    const code = `// projects.js\nexport const projects = [\n  {\n    title: 'AnimeWatchlist Manager',\n    stack: 'React + Supabase',\n    code: `function addAnime(title){ /* supabase insert */ }`,\n    demo: 'https://example.com/animewatchlist'\n  },\n  {\n    title: 'Ayursutra Patient Portal',\n    stack: 'Figma design',\n    code: `// Prototype built in Figma`,\n    demo: 'https://figma.com/@ayursutra'\n  }\n];`;
     |                                                                                                                                                   ^
  6  |    return (
  7  |      <Editor height="420px" defaultLanguage="javascript" theme="vs-dark" value={code} options={{ readOnly: true, minimap: { enabled: false }, fontSize: 14 }} />
  
      at failureErrorWithLog (/home/workspace/node_modules/esbuild/lib/main.js:1472:15)
      at /home/workspace/node_modules/esbuild/lib/main.js:755:50
      at responseCallbacks.<computed> (/home/workspace/node_modules/esbuild/lib/main.js:622:9)
      at handleIncomingPacket (/home/workspace/node_modules/esbuild/lib/main.js:677:12)
      at Socket.readFromStdout (/home/workspace/node_modules/esbuild/lib/main.js:600:7)
      at Socket.emit (node:events:508:28)
      at addChunk (node:internal/streams/readable:559:12)
      at readableAddChunkPushByteMode (node:internal/streams/readable:510:3)
      at Readable.push (node:internal/streams/readable:390:5)
      at Pipe.onStreamRead (node:internal/stream_base_commons:189:23)
